c:\users\alexandr\source\repos\lkc++\lkc++\debug\vc142.pdb
c:\users\alexandr\source\repos\lkc++\lkc++\debug\.netframework,version=v4.6.1.assemblyattributes.obj
c:\users\alexandr\source\repos\lkc++\lkc++\debug\myform.obj
c:\users\alexandr\source\repos\lkc++\lkc++\debug\msgbox.obj
c:\users\alexandr\source\repos\lkc++\debug\lkc++.exe
c:\users\alexandr\source\repos\lkc++\debug\lkc++.pdb
c:\users\alexandr\source\repos\lkc++\lkc++\debug\lkc.msgbox.resources
c:\users\alexandr\source\repos\lkc++\lkc++\debug\lkc.myform.resources
c:\users\alexandr\source\repos\lkc++\lkc++\debug\lkc.resources.resources
c:\users\alexandr\source\repos\lkc++\lkc++\debug\lkc.myform.asa-tz.resources
c:\users\alexandr\source\repos\lkc++\debug\asa-tz\lkc++.resources.dll
c:\users\alexandr\source\repos\lkc++\lkc++\debug\lkc++.tlog\cl.command.1.tlog
c:\users\alexandr\source\repos\lkc++\lkc++\debug\lkc++.tlog\cl.read.1.tlog
c:\users\alexandr\source\repos\lkc++\lkc++\debug\lkc++.tlog\cl.write.1.tlog
c:\users\alexandr\source\repos\lkc++\lkc++\debug\lkc++.tlog\link.command.1.tlog
c:\users\alexandr\source\repos\lkc++\lkc++\debug\lkc++.tlog\link.read.1.tlog
c:\users\alexandr\source\repos\lkc++\lkc++\debug\lkc++.tlog\link.write.1.tlog
c:\users\alexandr\source\repos\lkc++\lkc++\debug\lkc++.tlog\lkc++.write.1u.tlog
c:\users\alexandr\source\repos\lkc++\lkc++\debug\lkc++.tlog\metagen.read.1.tlog
c:\users\alexandr\source\repos\lkc++\lkc++\debug\lkc++.tlog\metagen.write.1.tlog
